Running: /media/himanshu/a46d1c48-824a-451c-9954-bcad1a761415/opt/14.7/ISE_DS/ISE/bin/lin64/unwrapped/fuse -intstyle ise -incremental -lib unisims_ver -lib unimacro_ver -lib xilinxcorelib_ver -o /media/himanshu/a46d1c48-824a-451c-9954-bcad1a761415/assignment1/FirstAssignmentBehavioral/stateTransFn_beh_isim_beh.exe -prj /media/himanshu/a46d1c48-824a-451c-9954-bcad1a761415/assignment1/FirstAssignmentBehavioral/stateTransFn_beh_beh.prj work.stateTransFn_beh work.glbl 
ISim P.20131013 (signature 0xfbc00daa)
Number of CPUs detected in this system: 4
Turning on mult-threading, number of parallel sub-compilation jobs: 8 
Determining compilation order of HDL files
Analyzing Verilog file "/media/himanshu/a46d1c48-824a-451c-9954-bcad1a761415/assignment1/FirstAssignmentBehavioral/stateTransFn_beh.v" into library work
Analyzing Verilog file "/media/himanshu/a46d1c48-824a-451c-9954-bcad1a761415/opt/14.7/ISE_DS/ISE//verilog/src/glbl.v" into library work
Starting static elaboration
Completed static elaboration
Fuse Memory Usage: 94692 KB
Fuse CPU Usage: 1380 ms
Compiling module stateTransFn_beh
Compiling module glbl
Time Resolution for simulation is 1ps.
Waiting for 1 sub-compilation(s) to finish...
Compiled 2 Verilog Units
Built simulation executable /media/himanshu/a46d1c48-824a-451c-9954-bcad1a761415/assignment1/FirstAssignmentBehavioral/stateTransFn_beh_isim_beh.exe
Fuse Memory Usage: 654856 KB
Fuse CPU Usage: 1390 ms
GCC CPU Usage: 160 ms
